

*******************************************************************************
Thu Feb 28 18:35:21 2013


FIT:    data read from 'arityimpact-subtotals.csv' using 1:2
        format = x:z
	y range restricted to [0.00000 : 200.000]
        #datapoints = 199
        residuals are weighted equally (unit weight)

function used for fitting: f(x)
fitted parameters initialized with current variable values



 Iteration 0
 WSSR        : 1.98888e+06       delta(WSSR)/WSSR   : 0
 delta(WSSR) : 0                 limit for stopping : 1e-05
 lambda	  : 81.8512

initial set of free parameter values

m               = 1
c               = 1

After 4 iterations the fit converged.
final sum of squares of residuals : 22180
rel. change during last iteration : -1.19922e-06

degrees of freedom    (FIT_NDF)                        : 197
rms of residuals      (FIT_STDFIT) = sqrt(WSSR/ndf)    : 10.6108
variance of residuals (reduced chisquare) = WSSR/ndf   : 112.589

Final set of parameters            Asymptotic Standard Error
=======================            ==========================

m               = 0.118486         +/- 0.01301      (10.98%)
c               = 4.0409           +/- 1.506        (37.28%)


correlation matrix of the fit parameters:

               m      c      
m               1.000 
c              -0.866  1.000 


*******************************************************************************
Thu Feb 28 18:37:20 2013


FIT:    data read from 'arityimpact-subtotals.csv' using 1:2
        format = x:z
	y range restricted to [0.00000 : 200.000]
        #datapoints = 199
        residuals are weighted equally (unit weight)

function used for fitting: f(x)
fitted parameters initialized with current variable values



 Iteration 0
 WSSR        : 1.98888e+06       delta(WSSR)/WSSR   : 0
 delta(WSSR) : 0                 limit for stopping : 1e-05
 lambda	  : 81.8512

initial set of free parameter values

m               = 1
c               = 1

After 4 iterations the fit converged.
final sum of squares of residuals : 22180
rel. change during last iteration : -1.19922e-06

degrees of freedom    (FIT_NDF)                        : 197
rms of residuals      (FIT_STDFIT) = sqrt(WSSR/ndf)    : 10.6108
variance of residuals (reduced chisquare) = WSSR/ndf   : 112.589

Final set of parameters            Asymptotic Standard Error
=======================            ==========================

m               = 0.118486         +/- 0.01301      (10.98%)
c               = 4.0409           +/- 1.506        (37.28%)


correlation matrix of the fit parameters:

               m      c      
m               1.000 
c              -0.866  1.000 


*******************************************************************************
Thu Feb 28 18:37:40 2013


FIT:    data read from 'arityimpact-subtotals.csv' using 1:2
        format = x:z
	y range restricted to [0.00000 : 200.000]
        #datapoints = 199
        residuals are weighted equally (unit weight)

function used for fitting: f(x)
fitted parameters initialized with current variable values



 Iteration 0
 WSSR        : 1.98888e+06       delta(WSSR)/WSSR   : 0
 delta(WSSR) : 0                 limit for stopping : 1e-05
 lambda	  : 81.8512

initial set of free parameter values

m               = 1
c               = 1

After 4 iterations the fit converged.
final sum of squares of residuals : 22180
rel. change during last iteration : -1.19922e-06

degrees of freedom    (FIT_NDF)                        : 197
rms of residuals      (FIT_STDFIT) = sqrt(WSSR/ndf)    : 10.6108
variance of residuals (reduced chisquare) = WSSR/ndf   : 112.589

Final set of parameters            Asymptotic Standard Error
=======================            ==========================

m               = 0.118486         +/- 0.01301      (10.98%)
c               = 4.0409           +/- 1.506        (37.28%)


correlation matrix of the fit parameters:

               m      c      
m               1.000 
c              -0.866  1.000 


*******************************************************************************
Thu Feb 28 18:40:04 2013


FIT:    data read from 'arityimpact-subtotals.csv' using 1:2
        format = x:z
	y range restricted to [0.00000 : 200.000]
        #datapoints = 199
        residuals are weighted equally (unit weight)

function used for fitting: f(x)
fitted parameters initialized with current variable values



 Iteration 0
 WSSR        : 1.98888e+06       delta(WSSR)/WSSR   : 0
 delta(WSSR) : 0                 limit for stopping : 1e-05
 lambda	  : 81.8512

initial set of free parameter values

m               = 1
c               = 1

After 4 iterations the fit converged.
final sum of squares of residuals : 22180
rel. change during last iteration : -1.19922e-06

degrees of freedom    (FIT_NDF)                        : 197
rms of residuals      (FIT_STDFIT) = sqrt(WSSR/ndf)    : 10.6108
variance of residuals (reduced chisquare) = WSSR/ndf   : 112.589

Final set of parameters            Asymptotic Standard Error
=======================            ==========================

m               = 0.118486         +/- 0.01301      (10.98%)
c               = 4.0409           +/- 1.506        (37.28%)


correlation matrix of the fit parameters:

               m      c      
m               1.000 
c              -0.866  1.000 


*******************************************************************************
Fri Mar  1 20:54:49 2013


FIT:    data read from 'frequency.csv' using 1:2
        format = x:z
	y range restricted to [0.00000 : 100.000]
        #datapoints = 85
        residuals are weighted equally (unit weight)

function used for fitting: f(x)
fitted parameters initialized with current variable values



 Iteration 0
 WSSR        : 6.1329e+07        delta(WSSR)/WSSR   : 0
 delta(WSSR) : 0                 limit for stopping : 1e-05
 lambda	  : 37.1259

initial set of free parameter values

m               = 1
c               = 1

After 4 iterations the fit converged.
final sum of squares of residuals : 4.7499e+07
rel. change during last iteration : -1.42546e-06

degrees of freedom    (FIT_NDF)                        : 83
rms of residuals      (FIT_STDFIT) = sqrt(WSSR/ndf)    : 756.49
variance of residuals (reduced chisquare) = WSSR/ndf   : 572277

Final set of parameters            Asymptotic Standard Error
=======================            ==========================

m               = -12.1701         +/- 3.014        (24.76%)
c               = 776.87           +/- 158.2        (20.36%)


correlation matrix of the fit parameters:

               m      c      
m               1.000 
c              -0.855  1.000 


*******************************************************************************
Fri Mar  1 20:59:28 2013


FIT:    data read from 'frequency.csv' using 1:2
        format = x:z
	y range restricted to [0.00000 : 100.000]
        #datapoints = 85
        residuals are weighted equally (unit weight)

function used for fitting: f(x)
fitted parameters initialized with current variable values



 Iteration 0
 WSSR        : 6.1347e+07        delta(WSSR)/WSSR   : 0
 delta(WSSR) : 0                 limit for stopping : 1e-05
 lambda	  : 0.048131

initial set of free parameter values

a               = 1
b               = 1

After 1 iterations the fit converged.
final sum of squares of residuals : 6.13468e+07
rel. change during last iteration : -2.92787e-06

degrees of freedom    (FIT_NDF)                        : 83
rms of residuals      (FIT_STDFIT) = sqrt(WSSR/ndf)    : 859.72
variance of residuals (reduced chisquare) = WSSR/ndf   : 739118

Final set of parameters            Asymptotic Standard Error
=======================            ==========================

a               = 1.01202          +/- 6106         (6.033e+05%)
b               = 0.984598         +/- 4867         (4.943e+05%)


correlation matrix of the fit parameters:

               a      b      
a               1.000 
b               0.937  1.000 


*******************************************************************************
Fri Mar  1 21:00:30 2013


FIT:    data read from 'frequency.csv' using 1:2
        format = x:z
	y range restricted to [0.00000 : 100.000]
        #datapoints = 85
        residuals are weighted equally (unit weight)

function used for fitting: f(x)
fitted parameters initialized with current variable values



 Iteration 0
 WSSR        : 7.22844e+86       delta(WSSR)/WSSR   : 0
 delta(WSSR) : 0                 limit for stopping : 1e-05
 lambda	  : 2.16874e+44

initial set of free parameter values

a               = 1
b               = 1

After 1 iterations the fit converged.
final sum of squares of residuals : 1.09141e+86
rel. change during last iteration : -5.62303

degrees of freedom    (FIT_NDF)                        : 83
rms of residuals      (FIT_STDFIT) = sqrt(WSSR/ndf)    : 1.14671e+42
variance of residuals (reduced chisquare) = WSSR/ndf   : 1.31495e+84

Final set of parameters            Asymptotic Standard Error
=======================            ==========================

a               = 0.99991          +/- 134.7        (1.347e+04%)
b               = 0.990548         +/- 1.281        (129.4%)


correlation matrix of the fit parameters:

               a      b      
a               1.000 
b              -1.000  1.000 


*******************************************************************************
Fri Mar  1 21:00:58 2013


FIT:    data read from 'frequency.csv' using 1:2
        format = x:z
	y range restricted to [0.00000 : 100.000]
        #datapoints = 85
        residuals are weighted equally (unit weight)

function used for fitting: f(x)
fitted parameters initialized with current variable values



 Iteration 0
 WSSR        : 7.22844e+86       delta(WSSR)/WSSR   : 0
 delta(WSSR) : 0                 limit for stopping : 1e-05
 lambda	  : 2.16874e+44

initial set of free parameter values

a               = 1
b               = 1

After 1 iterations the fit converged.
final sum of squares of residuals : 1.09141e+86
rel. change during last iteration : -5.62303

degrees of freedom    (FIT_NDF)                        : 83
rms of residuals      (FIT_STDFIT) = sqrt(WSSR/ndf)    : 1.14671e+42
variance of residuals (reduced chisquare) = WSSR/ndf   : 1.31495e+84

Final set of parameters            Asymptotic Standard Error
=======================            ==========================

a               = 0.99991          +/- 134.7        (1.347e+04%)
b               = 0.990548         +/- 1.281        (129.4%)


correlation matrix of the fit parameters:

               a      b      
a               1.000 
b              -1.000  1.000 


*******************************************************************************
Fri Mar  1 21:01:13 2013


FIT:    data read from 'frequency.csv' using 1:2
        format = x:z
	y range restricted to [0.00000 : 100.000]
        #datapoints = 85
        residuals are weighted equally (unit weight)

function used for fitting: f(x)
fitted parameters initialized with current variable values



 Iteration 0
 WSSR        : 6.1347e+07        delta(WSSR)/WSSR   : 0
 delta(WSSR) : 0                 limit for stopping : 1e-05
 lambda	  : 0.048131

initial set of free parameter values

a               = 1
b               = 1

After 1 iterations the fit converged.
final sum of squares of residuals : 6.13468e+07
rel. change during last iteration : -2.92787e-06

degrees of freedom    (FIT_NDF)                        : 83
rms of residuals      (FIT_STDFIT) = sqrt(WSSR/ndf)    : 859.72
variance of residuals (reduced chisquare) = WSSR/ndf   : 739118

Final set of parameters            Asymptotic Standard Error
=======================            ==========================

a               = 1.01202          +/- 6106         (6.033e+05%)
b               = 0.984598         +/- 4867         (4.943e+05%)


correlation matrix of the fit parameters:

               a      b      
a               1.000 
b               0.937  1.000 


*******************************************************************************
Fri Mar  1 21:03:23 2013


FIT:    data read from 'frequency.csv' using 1:2
        format = x:z
	y range restricted to [0.00000 : 100.000]
        #datapoints = 85
        residuals are weighted equally (unit weight)

function used for fitting: f(x)
fitted parameters initialized with current variable values



 Iteration 0
 WSSR        : 6.1347e+07        delta(WSSR)/WSSR   : 0
 delta(WSSR) : 0                 limit for stopping : 1e-05
 lambda	  : 0.048131

initial set of free parameter values

a               = 1
b               = 1

After 1 iterations the fit converged.
final sum of squares of residuals : 6.13468e+07
rel. change during last iteration : -2.92787e-06

degrees of freedom    (FIT_NDF)                        : 83
rms of residuals      (FIT_STDFIT) = sqrt(WSSR/ndf)    : 859.72
variance of residuals (reduced chisquare) = WSSR/ndf   : 739118

Final set of parameters            Asymptotic Standard Error
=======================            ==========================

a               = 1.01202          +/- 6106         (6.033e+05%)
b               = 0.984598         +/- 4867         (4.943e+05%)


correlation matrix of the fit parameters:

               a      b      
a               1.000 
b               0.937  1.000 


*******************************************************************************
Fri Mar  1 21:10:30 2013


FIT:    data read from 'frequency.csv' using 1:2
        format = x:z
	y range restricted to [0.00000 : 100.000]
        #datapoints = 85
        residuals are weighted equally (unit weight)

function used for fitting: f(x)
fitted parameters initialized with current variable values



 Iteration 0
 WSSR        : 6.1347e+07        delta(WSSR)/WSSR   : 0
 delta(WSSR) : 0                 limit for stopping : 1e-05
 lambda	  : 0.048131

initial set of free parameter values

a               = 1
b               = 1

After 1 iterations the fit converged.
final sum of squares of residuals : 6.13468e+07
rel. change during last iteration : -2.92787e-06

degrees of freedom    (FIT_NDF)                        : 83
rms of residuals      (FIT_STDFIT) = sqrt(WSSR/ndf)    : 859.72
variance of residuals (reduced chisquare) = WSSR/ndf   : 739118

Final set of parameters            Asymptotic Standard Error
=======================            ==========================

a               = 1.01202          +/- 6106         (6.033e+05%)
b               = 0.984598         +/- 4867         (4.943e+05%)


correlation matrix of the fit parameters:

               a      b      
a               1.000 
b               0.937  1.000 


*******************************************************************************
Thu Apr 25 14:07:48 2013


FIT:    data read from 'arityimpact-subtotals.csv' using 1:2
        format = x:z
	y range restricted to [0.00000 : 200.000]
        #datapoints = 199
        residuals are weighted equally (unit weight)

function used for fitting: f(x)
fitted parameters initialized with current variable values



 Iteration 0
 WSSR        : 1.98888e+06       delta(WSSR)/WSSR   : 0
 delta(WSSR) : 0                 limit for stopping : 1e-05
 lambda	  : 81.8512

initial set of free parameter values

m               = 1
c               = 1

After 4 iterations the fit converged.
final sum of squares of residuals : 22180
rel. change during last iteration : -1.19922e-06

degrees of freedom    (FIT_NDF)                        : 197
rms of residuals      (FIT_STDFIT) = sqrt(WSSR/ndf)    : 10.6108
variance of residuals (reduced chisquare) = WSSR/ndf   : 112.589

Final set of parameters            Asymptotic Standard Error
=======================            ==========================

m               = 0.118486         +/- 0.01301      (10.98%)
c               = 4.0409           +/- 1.506        (37.28%)


correlation matrix of the fit parameters:

               m      c      
m               1.000 
c              -0.866  1.000 
